<?xml version="1.0" encoding="UTF-8"?>
<coverage generated="1648904658">
  <project timestamp="1648904658">
    <package name="PinkCrab\Perique_Admin_Menu\Exception">
      <file name="/shared/httpd/php/htdocs/Perique_Admin_Menu/src/Exception/Group_Exception.php">
        <class name="PinkCrab\Perique_Admin_Menu\Exception\Group_Exception" namespace="PinkCrab\Perique_Admin_Menu\Exception">
          <metrics complexity="3" methods="3" coveredmethods="3" conditionals="0" coveredconditionals="0" statements="16" coveredstatements="16" elements="19" coveredelements="19"/>
        </class>
        <line num="41" type="method" name="primary_page_undefined" visibility="public" complexity="1" crap="1" count="3"/>
        <line num="42" type="stmt" count="3"/>
        <line num="43" type="stmt" count="3"/>
        <line num="44" type="stmt" count="3"/>
        <line num="45" type="stmt" count="3"/>
        <line num="47" type="stmt" count="3"/>
        <line num="58" type="method" name="group_title_undefined" visibility="public" complexity="1" crap="1" count="2"/>
        <line num="59" type="stmt" count="2"/>
        <line num="60" type="stmt" count="2"/>
        <line num="61" type="stmt" count="2"/>
        <line num="62" type="stmt" count="2"/>
        <line num="64" type="stmt" count="2"/>
        <line num="76" type="method" name="failed_validation" visibility="public" complexity="1" crap="1" count="1"/>
        <line num="77" type="stmt" count="1"/>
        <line num="78" type="stmt" count="1"/>
        <line num="79" type="stmt" count="1"/>
        <line num="80" type="stmt" count="1"/>
        <line num="81" type="stmt" count="1"/>
        <line num="83" type="stmt" count="1"/>
        <metrics loc="86" ncloc="49" classes="1" methods="3" coveredmethods="3" conditionals="0" coveredconditionals="0" statements="16" coveredstatements="16" elements="19" coveredelements="19"/>
      </file>
      <file name="/shared/httpd/php/htdocs/Perique_Admin_Menu/src/Exception/Page_Exception.php">
        <class name="PinkCrab\Perique_Admin_Menu\Exception\Page_Exception" namespace="PinkCrab\Perique_Admin_Menu\Exception">
          <metrics complexity="6" methods="5" coveredmethods="3" conditionals="0" coveredconditionals="0" statements="25" coveredstatements="15" elements="30" coveredelements="18"/>
        </class>
        <line num="40" type="method" name="view_not_set" visibility="public" complexity="1" crap="1" count="1"/>
        <line num="41" type="stmt" count="1"/>
        <line num="42" type="stmt" count="1"/>
        <line num="43" type="stmt" count="1"/>
        <line num="44" type="stmt" count="1"/>
        <line num="46" type="stmt" count="1"/>
        <line num="57" type="method" name="undefined_property" visibility="public" complexity="1" crap="1" count="3"/>
        <line num="58" type="stmt" count="3"/>
        <line num="59" type="stmt" count="3"/>
        <line num="60" type="stmt" count="3"/>
        <line num="62" type="stmt" count="3"/>
        <line num="64" type="stmt" count="3"/>
        <line num="76" type="method" name="invalid_page_type" visibility="public" complexity="2" crap="2" count="2"/>
        <line num="77" type="stmt" count="2"/>
        <line num="78" type="stmt" count="2"/>
        <line num="79" type="stmt" count="2"/>
        <line num="80" type="stmt" count="2"/>
        <line num="82" type="stmt" count="2"/>
        <line num="93" type="method" name="acf_not_active" visibility="public" complexity="1" crap="2" count="0"/>
        <line num="94" type="stmt" count="0"/>
        <line num="95" type="stmt" count="0"/>
        <line num="96" type="stmt" count="0"/>
        <line num="97" type="stmt" count="0"/>
        <line num="99" type="stmt" count="0"/>
        <line num="110" type="method" name="failed_to_register_page" visibility="public" complexity="1" crap="2" count="0"/>
        <line num="111" type="stmt" count="0"/>
        <line num="112" type="stmt" count="0"/>
        <line num="113" type="stmt" count="0"/>
        <line num="114" type="stmt" count="0"/>
        <line num="116" type="stmt" count="0"/>
        <metrics loc="119" ncloc="69" classes="1" methods="5" coveredmethods="3" conditionals="0" coveredconditionals="0" statements="25" coveredstatements="15" elements="30" coveredelements="18"/>
      </file>
    </package>
    <package name="PinkCrab\Perique_Admin_Menu\Group">
      <file name="/shared/httpd/php/htdocs/Perique_Admin_Menu/src/Group/Abstract_Group.php">
        <class name="PinkCrab\Perique_Admin_Menu\Group\Abstract_Group" namespace="PinkCrab\Perique_Admin_Menu\Group">
          <metrics complexity="8" methods="6" coveredmethods="6" conditionals="0" coveredconditionals="0" statements="10" coveredstatements="10" elements="16" coveredelements="16"/>
        </class>
        <line num="82" type="method" name="get_group_title" visibility="public" complexity="2" crap="2" count="5"/>
        <line num="83" type="stmt" count="5"/>
        <line num="84" type="stmt" count="2"/>
        <line num="86" type="stmt" count="3"/>
        <line num="94" type="method" name="get_capability" visibility="public" complexity="1" crap="1" count="4"/>
        <line num="95" type="stmt" count="4"/>
        <line num="103" type="method" name="get_icon" visibility="public" complexity="1" crap="1" count="2"/>
        <line num="104" type="stmt" count="2"/>
        <line num="112" type="method" name="get_primary_page" visibility="public" complexity="2" crap="2" count="10"/>
        <line num="113" type="stmt" count="10"/>
        <line num="114" type="stmt" count="3"/>
        <line num="116" type="stmt" count="8"/>
        <line num="124" type="method" name="get_pages" visibility="public" complexity="1" crap="1" count="4"/>
        <line num="125" type="stmt" count="4"/>
        <line num="133" type="method" name="get_position" visibility="public" complexity="1" crap="1" count="2"/>
        <line num="134" type="stmt" count="2"/>
        <metrics loc="136" ncloc="67" classes="1" methods="6" coveredmethods="6" conditionals="0" coveredconditionals="0" statements="10" coveredstatements="10" elements="16" coveredelements="16"/>
      </file>
    </package>
    <package name="PinkCrab\Perique_Admin_Menu">
      <file name="/shared/httpd/php/htdocs/Perique_Admin_Menu/src/Hooks.php">
        <class name="PinkCrab\Perique_Admin_Menu\Hooks" namespace="PinkCrab\Perique_Admin_Menu">
          <metrics complexity="0" methods="0" coveredmethods="0" conditionals="0" coveredconditionals="0" statements="0" coveredstatements="0" elements="0" coveredelements="0"/>
        </class>
        <metrics loc="43" ncloc="19" classes="0" methods="0" coveredmethods="0" conditionals="0" coveredconditionals="0" statements="0" coveredstatements="0" elements="0" coveredelements="0"/>
      </file>
    </package>
    <package name="PinkCrab\Perique_Admin_Menu\Page">
      <file name="/shared/httpd/php/htdocs/Perique_Admin_Menu/src/Page/Menu_Page.php">
        <class name="PinkCrab\Perique_Admin_Menu\Page\Menu_Page" namespace="PinkCrab\Perique_Admin_Menu\Page">
          <metrics complexity="15" methods="8" coveredmethods="8" conditionals="0" coveredconditionals="0" statements="18" coveredstatements="18" elements="26" coveredelements="26"/>
        </class>
        <line num="102" type="method" name="set_view" visibility="public" complexity="1" crap="1" count="5"/>
        <line num="103" type="stmt" count="5"/>
        <line num="104" type="stmt" count="5"/>
        <line num="110" type="method" name="parent_slug" visibility="public" complexity="2" crap="2" count="1"/>
        <line num="111" type="stmt" count="1"/>
        <line num="117" type="method" name="slug" visibility="public" complexity="2" crap="2" count="3"/>
        <line num="118" type="stmt" count="3"/>
        <line num="119" type="stmt" count="1"/>
        <line num="121" type="stmt" count="2"/>
        <line num="127" type="method" name="menu_title" visibility="public" complexity="2" crap="2" count="3"/>
        <line num="128" type="stmt" count="3"/>
        <line num="129" type="stmt" count="1"/>
        <line num="131" type="stmt" count="2"/>
        <line num="137" type="method" name="page_title" visibility="public" complexity="2" crap="2" count="3"/>
        <line num="138" type="stmt" count="3"/>
        <line num="144" type="method" name="position" visibility="public" complexity="2" crap="2" count="3"/>
        <line num="145" type="stmt" count="3"/>
        <line num="151" type="method" name="capability" visibility="public" complexity="1" crap="1" count="2"/>
        <line num="152" type="stmt" count="2"/>
        <line num="162" type="method" name="render_view" visibility="public" complexity="3" crap="3" count="4"/>
        <line num="163" type="stmt" count="4"/>
        <line num="164" type="stmt" count="1"/>
        <line num="167" type="stmt" count="3"/>
        <line num="168" type="stmt" count="1"/>
        <line num="172" type="stmt" count="2"/>
        <line num="173" type="stmt" count="2"/>
        <metrics loc="178" ncloc="101" classes="1" methods="8" coveredmethods="8" conditionals="0" coveredconditionals="0" statements="18" coveredstatements="18" elements="26" coveredelements="26"/>
      </file>
    </package>
    <file name="/shared/httpd/php/htdocs/Perique_Admin_Menu/src/Page/Page.php">
      <metrics loc="59" ncloc="27" classes="0" methods="0" coveredmethods="0" conditionals="0" coveredconditionals="0" statements="0" coveredstatements="0" elements="0" coveredelements="0"/>
    </file>
    <package name="PinkCrab\Perique_Admin_Menu\Registrar">
      <file name="/shared/httpd/php/htdocs/Perique_Admin_Menu/src/Registrar/Page_Dispatcher.php">
        <class name="PinkCrab\Perique_Admin_Menu\Registrar\Page_Dispatcher" namespace="PinkCrab\Perique_Admin_Menu\Registrar">
          <metrics complexity="23" methods="8" coveredmethods="6" conditionals="0" coveredconditionals="0" statements="72" coveredstatements="68" elements="80" coveredelements="74"/>
        </class>
        <line num="48" type="method" name="__construct" visibility="public" complexity="1" crap="1" count="10"/>
        <line num="49" type="stmt" count="10"/>
        <line num="50" type="stmt" count="10"/>
        <line num="51" type="stmt" count="10"/>
        <line num="52" type="stmt" count="10"/>
        <line num="60" type="method" name="register_group" visibility="public" complexity="5" crap="5" count="3"/>
        <line num="63" type="stmt" count="3"/>
        <line num="64" type="stmt" count="1"/>
        <line num="70" type="stmt" count="2"/>
        <line num="71" type="stmt" count="2"/>
        <line num="72" type="stmt" count="1"/>
        <line num="75" type="stmt" count="1"/>
        <line num="78" type="stmt" count="1"/>
        <line num="79" type="stmt" count="1"/>
        <line num="81" type="stmt" count="1"/>
        <line num="83" type="stmt" count="1"/>
        <line num="84" type="stmt" count="1"/>
        <line num="86" type="stmt" count="2"/>
        <line num="95" type="method" name="admin_exception_notice" visibility="public" complexity="2" crap="2" count="3"/>
        <line num="96" type="stmt" count="3"/>
        <line num="97" type="stmt" count="3"/>
        <line num="99" type="stmt" count="3"/>
        <line num="100" type="stmt" count="3"/>
        <line num="101" type="stmt" count="3"/>
        <line num="102" type="stmt" count="3"/>
        <line num="103" type="stmt" count="3"/>
        <line num="104" type="stmt" count="3"/>
        <line num="105" type="stmt" count="3"/>
        <line num="106" type="stmt" count="3"/>
        <line num="108" type="stmt" count="3"/>
        <line num="109" type="stmt" count="3"/>
        <line num="110" type="stmt" count="3"/>
        <line num="111" type="stmt" count="3"/>
        <line num="112" type="stmt" count="3"/>
        <line num="114" type="stmt" count="3"/>
        <line num="120" type="stmt" count="3"/>
        <line num="122" type="stmt" count="3"/>
        <line num="130" type="method" name="register_primary_page" visibility="protected" complexity="1" crap="1" count="1"/>
        <line num="131" type="stmt" count="1"/>
        <line num="132" type="stmt" count="1"/>
        <line num="135" type="stmt" count="1"/>
        <line num="143" type="method" name="get_primary_page" visibility="protected" complexity="4" crap="4" count="3"/>
        <line num="145" type="stmt" count="3"/>
        <line num="147" type="stmt" count="3"/>
        <line num="148" type="stmt" count="1"/>
        <line num="152" type="stmt" count="2"/>
        <line num="153" type="stmt" count="2"/>
        <line num="156" type="stmt" count="2"/>
        <line num="167" type="method" name="get_pages" visibility="protected" complexity="3" crap="3" count="3"/>
        <line num="168" type="stmt" count="3"/>
        <line num="170" type="stmt" count="3"/>
        <line num="171" type="stmt" count="3"/>
        <line num="172" type="stmt" count="1"/>
        <line num="174" type="stmt" count="2"/>
        <line num="175" type="stmt" count="3"/>
        <line num="176" type="stmt" count="3"/>
        <line num="177" type="stmt" count="3"/>
        <line num="179" type="stmt" count="3"/>
        <line num="180" type="stmt" count="3"/>
        <line num="194" type="method" name="set_primary_page_details" visibility="protected" complexity="3" crap="3.01" count="1"/>
        <line num="195" type="stmt" count="1"/>
        <line num="197" type="stmt" count="1"/>
        <line num="199" type="stmt" count="1"/>
        <line num="200" type="stmt" count="0"/>
        <line num="203" type="stmt" count="1"/>
        <line num="204" type="stmt" count="1"/>
        <line num="205" type="stmt" count="1"/>
        <line num="206" type="stmt" count="1"/>
        <line num="207" type="stmt" count="1"/>
        <line num="209" type="stmt" count="1"/>
        <line num="210" type="stmt" count="1"/>
        <line num="220" type="method" name="register_subpage" visibility="public" complexity="4" crap="4.84" count="1"/>
        <line num="222" type="stmt" count="1"/>
        <line num="223" type="stmt" count="0"/>
        <line num="227" type="stmt" count="1"/>
        <line num="228" type="stmt" count="1"/>
        <line num="232" type="stmt" count="1"/>
        <line num="233" type="stmt" count="0"/>
        <line num="234" type="stmt" count="0"/>
        <line num="236" type="stmt" count="1"/>
        <metrics loc="239" ncloc="169" classes="1" methods="8" coveredmethods="6" conditionals="0" coveredconditionals="0" statements="72" coveredstatements="68" elements="80" coveredelements="74"/>
      </file>
      <file name="/shared/httpd/php/htdocs/Perique_Admin_Menu/src/Registrar/Registrar.php">
        <class name="PinkCrab\Perique_Admin_Menu\Registrar\Registrar" namespace="PinkCrab\Perique_Admin_Menu\Registrar">
          <metrics complexity="7" methods="2" coveredmethods="0" conditionals="0" coveredconditionals="0" statements="30" coveredstatements="28" elements="32" coveredelements="28"/>
        </class>
        <line num="45" type="method" name="register_primary" visibility="public" complexity="4" crap="4.00" count="3"/>
        <line num="47" type="stmt" count="3"/>
        <line num="50" type="stmt" count="2"/>
        <line num="51" type="stmt" count="1"/>
        <line num="54" type="stmt" count="1"/>
        <line num="55" type="stmt" count="1"/>
        <line num="56" type="stmt" count="1"/>
        <line num="57" type="stmt" count="1"/>
        <line num="58" type="stmt" count="1"/>
        <line num="59" type="stmt" count="1"/>
        <line num="60" type="stmt" count="1"/>
        <line num="61" type="stmt" count="1"/>
        <line num="65" type="stmt" count="1"/>
        <line num="66" type="stmt" count="0"/>
        <line num="68" type="stmt" count="1"/>
        <line num="71" type="stmt" count="1"/>
        <line num="73" type="stmt" count="2"/>
        <line num="83" type="method" name="register_subpage" visibility="public" complexity="3" crap="3.00" count="2"/>
        <line num="84" type="stmt" count="2"/>
        <line num="86" type="stmt" count="1"/>
        <line num="87" type="stmt" count="1"/>
        <line num="88" type="stmt" count="1"/>
        <line num="89" type="stmt" count="1"/>
        <line num="90" type="stmt" count="1"/>
        <line num="91" type="stmt" count="1"/>
        <line num="92" type="stmt" count="1"/>
        <line num="93" type="stmt" count="1"/>
        <line num="96" type="stmt" count="1"/>
        <line num="97" type="stmt" count="0"/>
        <line num="99" type="stmt" count="1"/>
        <line num="101" type="stmt" count="1"/>
        <line num="103" type="stmt" count="2"/>
        <metrics loc="104" ncloc="69" classes="1" methods="2" coveredmethods="0" conditionals="0" coveredconditionals="0" statements="30" coveredstatements="28" elements="32" coveredelements="28"/>
      </file>
    </package>
    <package name="PinkCrab\Perique_Admin_Menu\Registration_Middleware">
      <file name="/shared/httpd/php/htdocs/Perique_Admin_Menu/src/Registration_Middleware/Page_Middleware.php">
        <class name="PinkCrab\Perique_Admin_Menu\Registration_Middleware\Page_Middleware" namespace="PinkCrab\Perique_Admin_Menu\Registration_Middleware">
          <metrics complexity="10" methods="4" coveredmethods="3" conditionals="0" coveredconditionals="0" statements="20" coveredstatements="17" elements="24" coveredelements="20"/>
        </class>
        <line num="43" type="method" name="__construct" visibility="public" complexity="1" crap="1" count="3"/>
        <line num="48" type="stmt" count="3"/>
        <line num="49" type="stmt" count="3"/>
        <line num="50" type="stmt" count="3"/>
        <line num="51" type="stmt" count="3"/>
        <line num="59" type="method" name="process" visibility="public" complexity="6" crap="6.56" count="3"/>
        <line num="62" type="stmt" count="3"/>
        <line num="63" type="stmt" count="3"/>
        <line num="64" type="stmt" count="3"/>
        <line num="66" type="stmt" count="0"/>
        <line num="68" type="stmt" count="0"/>
        <line num="69" type="stmt" count="0"/>
        <line num="75" type="stmt" count="3"/>
        <line num="76" type="stmt" count="3"/>
        <line num="79" type="stmt" count="3"/>
        <line num="81" type="stmt" count="3"/>
        <line num="82" type="stmt" count="3"/>
        <line num="85" type="stmt" count="3"/>
        <line num="94" type="method" name="add_to_loader" visibility="protected" complexity="1" crap="1" count="3"/>
        <line num="95" type="stmt" count="3"/>
        <line num="96" type="stmt" count="3"/>
        <line num="112" type="method" name="tear_down" visibility="public" complexity="1" crap="1" count="3"/>
        <line num="113" type="stmt" count="3"/>
        <line num="114" type="stmt" count="3"/>
        <metrics loc="115" ncloc="73" classes="1" methods="4" coveredmethods="3" conditionals="0" coveredconditionals="0" statements="20" coveredstatements="17" elements="24" coveredelements="20"/>
      </file>
    </package>
    <package name="PinkCrab\Perique_Admin_Menu\Validator">
      <file name="/shared/httpd/php/htdocs/Perique_Admin_Menu/src/Validator/Abstract_Validator.php">
        <class name="PinkCrab\Perique_Admin_Menu\Validator\Abstract_Validator" namespace="PinkCrab\Perique_Admin_Menu\Validator">
          <metrics complexity="5" methods="4" coveredmethods="4" conditionals="0" coveredconditionals="0" statements="6" coveredstatements="6" elements="10" coveredelements="10"/>
        </class>
        <line num="41" type="method" name="reset_errors" visibility="protected" complexity="1" crap="1" count="6"/>
        <line num="42" type="stmt" count="6"/>
        <line num="43" type="stmt" count="6"/>
        <line num="50" type="method" name="has_errors" visibility="public" complexity="1" crap="1" count="1"/>
        <line num="51" type="stmt" count="1"/>
        <line num="59" type="method" name="get_errors" visibility="public" complexity="1" crap="1" count="6"/>
        <line num="60" type="stmt" count="6"/>
        <line num="69" type="method" name="push_error" visibility="public" complexity="1" crap="1" count="7"/>
        <line num="70" type="stmt" count="7"/>
        <line num="71" type="stmt" count="7"/>
        <metrics loc="80" ncloc="36" classes="1" methods="4" coveredmethods="4" conditionals="0" coveredconditionals="0" statements="6" coveredstatements="6" elements="10" coveredelements="10"/>
      </file>
      <file name="/shared/httpd/php/htdocs/Perique_Admin_Menu/src/Validator/Group_Validator.php">
        <class name="PinkCrab\Perique_Admin_Menu\Validator\Group_Validator" namespace="PinkCrab\Perique_Admin_Menu\Validator">
          <metrics complexity="4" methods="2" coveredmethods="2" conditionals="0" coveredconditionals="0" statements="11" coveredstatements="11" elements="13" coveredelements="13"/>
        </class>
        <line num="38" type="method" name="validate" visibility="public" complexity="2" crap="2" count="5"/>
        <line num="39" type="stmt" count="5"/>
        <line num="41" type="stmt" count="5"/>
        <line num="42" type="stmt" count="1"/>
        <line num="43" type="stmt" count="1"/>
        <line num="46" type="stmt" count="4"/>
        <line num="56" type="method" name="check_properties" visibility="protected" complexity="2" crap="2" count="4"/>
        <line num="58" type="stmt" count="4"/>
        <line num="59" type="stmt" count="3"/>
        <line num="60" type="stmt" count="2"/>
        <line num="61" type="stmt" count="2"/>
        <line num="62" type="stmt" count="2"/>
        <line num="64" type="stmt" count="2"/>
        <metrics loc="66" ncloc="37" classes="1" methods="2" coveredmethods="2" conditionals="0" coveredconditionals="0" statements="11" coveredstatements="11" elements="13" coveredelements="13"/>
      </file>
    </package>
    <metrics files="11" loc="1225" ncloc="716" classes="9" methods="42" coveredmethods="35" conditionals="0" coveredconditionals="0" statements="208" coveredstatements="189" elements="250" coveredelements="224"/>
  </project>
</coverage>
